<?xml version="1.0" encoding="UTF-8"?>
<!-- Generated by org.testng.reporters.JUnitReportReporter -->
<testsuite skipped="0" hostname="krish" name="testngdep.real" tests="7" failures="0" timestamp="2023-08-26T17:02:35 IST" time="8.669" errors="0">
  <testcase name="vwe" time="4.123" classname="testngdep.real"/>
  <system-out/>
  <testcase name="ma" time="0.168" classname="testngdep.real"/>
  <system-out/>
  <testcase name="refres" time="1.613" classname="testngdep.real"/>
  <system-out/>
  <testcase name="refres" time="0.972" classname="testngdep.real"/>
  <system-out/>
  <testcase name="refres" time="0.042" classname="testngdep.real"/>
  <system-out/>
  <testcase name="click" time="0.956" classname="testngdep.real"/>
  <system-out/>
  <testcase name="close" time="0.795" classname="testngdep.real"/>
  <system-out/>
</testsuite> <!-- testngdep.real -->
