<?xml version="1.0" encoding="UTF-8"?>
<!-- Generated by org.testng.reporters.JUnitReportReporter -->
<testsuite skipped="1" hostname="krish" name="testngattribute.t1" tests="3" failures="0" timestamp="2023-08-26T16:39:21 IST" time="0.009" errors="0">
  <testcase name="ab" time="0.007" classname="testngattribute.t1"/>
  <system-out/>
  <testcase name="m2" time="0.002" classname="testngattribute.t1"/>
  <system-out/>
  <testcase name="m1" classname="testngattribute.t1">
    <skipped/>
  </testcase> <!-- m1 -->
  <system-out/>
</testsuite> <!-- testngattribute.t1 -->
