<?xml version="1.0" encoding="UTF-8"?>
<!-- Generated by org.testng.reporters.JUnitReportReporter -->
<testsuite skipped="0" hostname="krish" name="dataprovider.f1" tests="3" failures="0" timestamp="2023-09-30T16:39:45 IST" time="21.714" errors="0">
  <testcase name="DataProvSampleTest" time="8.746" classname="dataprovider.f1"/>
  <system-out/>
  <testcase name="DataProvSampleTest" time="6.253" classname="dataprovider.f1"/>
  <system-out/>
  <testcase name="DataProvSampleTest" time="6.715" classname="dataprovider.f1"/>
  <system-out/>
</testsuite> <!-- dataprovider.f1 -->
